<?xml version="1.0" encoding="UTF-8"?>
<testsuite xmlns:xsi="http://www.w3.org/2001/XMLSchema-instance" xsi:noNamespaceSchemaLocation="https://maven.apache.org/surefire/maven-surefire-plugin/xsd/surefire-test-report-3.0.xsd" version="3.0" name="net.queencoder.springboot.SpringbootThymeleafFuzzyStringMatchApplicationTests" time="2.455" tests="1" errors="0" skipped="0" failures="0">
  <properties>
[...]
</properties>
  <testcase name="contextLoads" classname="net.queencoder.springboot.SpringbootThymeleafFuzzyStringMatchApplicationTests" time="0.285">
    <system-out><![CDATA[20:06:17.409 [main] INFO org.springframework.test.context.support.AnnotationConfigContextLoaderUtils -- Could not detect default configuration classes for test class [net.queencoder.springboot.SpringbootThymeleafFuzzyStringMatchApplicationTests]: SpringbootThymeleafFuzzyStringMatchApplicationTests does not declare any static, non-private, non-final, nested classes annotated with @Configuration.
20:06:17.452 [main] INFO org.springframework.boot.test.context.SpringBootTestContextBootstrapper -- Found @SpringBootConfiguration net.queencoder.springboot.SpringbootThymeleafFuzzyStringMatchApplication for test class net.queencoder.springboot.SpringbootThymeleafFuzzyStringMatchApplicationTests

  .   ____          _            __ _ _
 /\\ / ___'_ __ _ _(_)_ __  __ _ \ \ \ \
( ( )\___ | '_ | '_| | '_ \/ _` | \ \ \ \
 \\/  ___)| |_)| | | | | || (_| |  ) ) ) )
  '  |____| .__|_| |_|_| |_\__, | / / / /
 =========|_|==============|___/=/_/_/_/
 :: Spring Boot ::                (v3.1.0)

2023-11-05T20:06:17.611Z  INFO 48481 --- [           main] hymeleafFuzzyStringMatchApplicationTests : Starting SpringbootThymeleafFuzzyStringMatchApplicationTests using Java 20.0.1 with PID 48481 (started by julietnkwor in /Users/julietnkwor/Documents/MyWorkSpace/BackendApplications/JavaApplications/SpringBootApplications/data-matching-automation-tool)
2023-11-05T20:06:17.612Z  INFO 48481 --- [           main] hymeleafFuzzyStringMatchApplicationTests : No active profile set, falling back to 1 default profile: "default"
2023-11-05T20:06:17.882Z  INFO 48481 --- [           main] .s.d.r.c.RepositoryConfigurationDelegate : Bootstrapping Spring Data JPA repositories in DEFAULT mode.
2023-11-05T20:06:17.908Z  INFO 48481 --- [           main] .s.d.r.c.RepositoryConfigurationDelegate : Finished Spring Data repository scanning in 22 ms. Found 4 JPA repository interfaces.
2023-11-05T20:06:18.124Z  INFO 48481 --- [           main] o.hibernate.jpa.internal.util.LogHelper  : HHH000204: Processing PersistenceUnitInfo [name: default]
2023-11-05T20:06:18.163Z  INFO 48481 --- [           main] org.hibernate.Version                    : HHH000412: Hibernate ORM core version 6.2.2.Final
2023-11-05T20:06:18.164Z  INFO 48481 --- [           main] org.hibernate.cfg.Environment            : HHH000406: Using bytecode reflection optimizer
2023-11-05T20:06:18.217Z  INFO 48481 --- [           main] o.h.b.i.BytecodeProviderInitiator        : HHH000021: Bytecode provider name : bytebuddy
2023-11-05T20:06:18.276Z  INFO 48481 --- [           main] o.s.o.j.p.SpringPersistenceUnitInfo      : No LoadTimeWeaver setup: ignoring JPA class transformer
2023-11-05T20:06:18.284Z  INFO 48481 --- [           main] com.zaxxer.hikari.HikariDataSource       : HikariPool-1 - Starting...
2023-11-05T20:06:18.388Z  INFO 48481 --- [           main] com.zaxxer.hikari.pool.HikariPool        : HikariPool-1 - Added connection org.postgresql.jdbc.PgConnection@401317a0
2023-11-05T20:06:18.388Z  INFO 48481 --- [           main] com.zaxxer.hikari.HikariDataSource       : HikariPool-1 - Start completed.
2023-11-05T20:06:18.401Z  INFO 48481 --- [           main] org.hibernate.orm.dialect                : HHH035001: Using dialect: org.hibernate.dialect.PostgreSQLDialect, version: org.hibernate.engine.jdbc.env.internal.JdbcEnvironmentInitiator$DialectResolutionInfoImpl@f017dd0
2023-11-05T20:06:18.492Z  INFO 48481 --- [           main] o.h.b.i.BytecodeProviderInitiator        : HHH000021: Bytecode provider name : bytebuddy
2023-11-05T20:06:18.788Z  INFO 48481 --- [           main] o.h.e.t.j.p.i.JtaPlatformInitiator       : HHH000490: Using JtaPlatform implementation: [org.hibernate.engine.transaction.jta.platform.internal.NoJtaPlatform]
Hibernate: alter table if exists procedures alter column created_date set data type timestamp(6)
Hibernate: alter table if exists procedures alter column modified_date set data type timestamp(6)
Hibernate: alter table if exists procedures_lookup_table alter column created_date set data type timestamp(6)
Hibernate: alter table if exists procedures_lookup_table alter column modified_date set data type timestamp(6)
2023-11-05T20:06:18.851Z  INFO 48481 --- [           main] j.LocalContainerEntityManagerFactoryBean : Initialized JPA EntityManagerFactory for persistence unit 'default'
2023-11-05T20:06:19.036Z  INFO 48481 --- [           main] o.s.d.j.r.query.QueryEnhancerFactory     : Hibernate is in classpath; If applicable, HQL parser will be used.
2023-11-05T20:06:19.244Z  WARN 48481 --- [           main] JpaBaseConfiguration$JpaWebConfiguration : spring.jpa.open-in-view is enabled by default. Therefore, database queries may be performed during view rendering. Explicitly configure spring.jpa.open-in-view to disable this warning
2023-11-05T20:06:19.282Z  INFO 48481 --- [           main] o.s.b.a.w.s.WelcomePageHandlerMapping    : Adding welcome page template: index
2023-11-05T20:06:19.354Z  INFO 48481 --- [           main] o.s.s.web.DefaultSecurityFilterChain     : Will secure any request with [org.springframework.security.web.session.DisableEncodeUrlFilter@74ee8f57, org.springframework.security.web.context.request.async.WebAsyncManagerIntegrationFilter@10522dfd, org.springframework.security.web.context.SecurityContextHolderFilter@6da53709, org.springframework.security.web.header.HeaderWriterFilter@7d569c10, org.springframework.security.web.authentication.logout.LogoutFilter@3f8961fc, org.springframework.security.web.authentication.UsernamePasswordAuthenticationFilter@5ea9f2f3, org.springframework.security.web.savedrequest.RequestCacheAwareFilter@6b438782, org.springframework.security.web.servletapi.SecurityContextHolderAwareRequestFilter@2b55ac77, org.springframework.security.web.authentication.AnonymousAuthenticationFilter@17d6b6e, org.springframework.security.web.access.ExceptionTranslationFilter@1d63c523, org.springframework.security.web.access.intercept.AuthorizationFilter@333afc53]
2023-11-05T20:06:19.488Z  INFO 48481 --- [           main] hymeleafFuzzyStringMatchApplicationTests : Started SpringbootThymeleafFuzzyStringMatchApplicationTests in 1.981 seconds (process running for 2.387)
]]></system-out>
  </testcase>
</testsuite>